C51 COMPILER V9.56.0.0   HC138                                                             03/23/2026 17:39:38 PAGE 1   


C51 COMPILER V9.56.0.0, COMPILATION OF MODULE HC138
OBJECT MODULE PLACED IN .\Objects\HC138.obj
COMPILER INVOKED BY: D:\programme\keil_c51v956\C51\BIN\C51.EXE ..\Driver\HC138.c OPTIMIZE(8,SPEED) BROWSE INCDIR(..\Driv
                    -er) DEBUG OBJECTEXTEND PRINT(.\Listings\HC138.lst) TABS(2) OBJECT(.\Objects\HC138.obj)

line level    source

   1          #include <STC15F2K60S2.H>
   2          #include "HC138.h"
   3          
   4          
   5          void HC138_Select(unsigned char channel)
   6          {
   7   1          unsigned char temp = 0;
   8   1          switch (channel)
   9   1          {
  10   2          case 4:     //LED控制
  11   2              temp = P2 & 0x1f;
  12   2              temp |= 0x80;
  13   2              P2 = temp;
  14   2              temp &= 0x1f;
  15   2              P2 = temp;
  16   2              break;
  17   2          case 5:      //蜂鸣器、继电器控制
  18   2              temp = P2 & 0x1f;
  19   2              temp |= 0xa0;
  20   2              P2 = temp;
  21   2              temp &= 0x1f;
  22   2              P2 = temp;
  23   2              break;
  24   2          case 6:     //数码管段选控制
  25   2              temp = P2 & 0x1f;
  26   2              temp |= 0xc0;
  27   2              P2 = temp;
  28   2              temp &= 0x1f;
  29   2              P2 = temp;
  30   2              break;
  31   2          case 7:     //数码管位选控制
  32   2              temp = P2 & 0x1f;
  33   2              temp |= 0xe0;
  34   2              P2 = temp;
  35   2              temp &= 0x1f;
  36   2              P2 = temp;
  37   2              break;
  38   2          }
  39   1      }
  40          


MODULE INFORMATION:   STATIC OVERLAYABLE
   CODE SIZE        =     61    ----
   CONSTANT SIZE    =   ----    ----
   XDATA SIZE       =   ----    ----
   PDATA SIZE       =   ----    ----
   DATA SIZE        =   ----    ----
   IDATA SIZE       =   ----    ----
   BIT SIZE         =   ----    ----
END OF MODULE INFORMATION.


C51 COMPILATION COMPLETE.  0 WARNING(S),  0 ERROR(S)
