C51 COMPILER V9.56.0.0   INITSYS                                                           03/23/2026 17:39:38 PAGE 1   


C51 COMPILER V9.56.0.0, COMPILATION OF MODULE INITSYS
OBJECT MODULE PLACED IN .\Objects\Initsys.obj
COMPILER INVOKED BY: D:\programme\keil_c51v956\C51\BIN\C51.EXE ..\Driver\Initsys.c OPTIMIZE(8,SPEED) BROWSE INCDIR(..\Dr
                    -iver) DEBUG OBJECTEXTEND PRINT(.\Listings\Initsys.lst) TABS(2) OBJECT(.\Objects\Initsys.obj)

line level    source

   1          #include <STC15F2K60S2.H>
   2          #include "Initsys.h"
   3          #include "HC138.h"
   4          
   5          void InitSys()
   6          {
   7   1          P0 = 0xff;
   8   1          HC138_Select(4);        //밑균LED
   9   1          P0 = 0x00;
  10   1          HC138_Select(5);        //밑균룝츤포、셨든포
  11   1      
  12   1      
  13   1      }


MODULE INFORMATION:   STATIC OVERLAYABLE
   CODE SIZE        =     16    ----
   CONSTANT SIZE    =   ----    ----
   XDATA SIZE       =   ----    ----
   PDATA SIZE       =   ----    ----
   DATA SIZE        =   ----    ----
   IDATA SIZE       =   ----    ----
   BIT SIZE         =   ----    ----
END OF MODULE INFORMATION.


C51 COMPILATION COMPLETE.  0 WARNING(S),  0 ERROR(S)
