C51 COMPILER V9.56.0.0   KEY                                                               03/23/2026 17:39:38 PAGE 1   


C51 COMPILER V9.56.0.0, COMPILATION OF MODULE KEY
OBJECT MODULE PLACED IN .\Objects\Key.obj
COMPILER INVOKED BY: D:\programme\keil_c51v956\C51\BIN\C51.EXE ..\Driver\Key.c OPTIMIZE(8,SPEED) BROWSE INCDIR(..\Driver
                    -) DEBUG OBJECTEXTEND PRINT(.\Listings\Key.lst) TABS(2) OBJECT(.\Objects\Key.obj)

line level    source

   1          #include <STC15F2K60S2.H>
   2          #include "Key.h"
   3          
   4          unsigned char Key_Read()
   5          {   
   6   1          unsigned char temp = 0;
   7   1          //∂ņŃĘľŁŇŐ
   8   1          // if(P33 == 0) temp = 4;
   9   1          // if(P32 == 0) temp = 5;
  10   1          // if(P31 == 0) temp = 6;
  11   1          // if(P30 == 0) temp = 7;
  12   1      
  13   1          //ĺō’ůľŁŇŐ
  14   1          P44 = 0;P42 = 1;P35 = 1;
  15   1          if(P33 == 0) temp = 4;
  16   1          if(P32 == 0) temp = 5;
  17   1          if(P31 == 0) temp = 6;
  18   1          if(P30 == 0) temp = 7;
  19   1      
  20   1          P44 = 1;P42 = 0;P35 = 1;
  21   1          if(P33 == 0) temp = 8;
  22   1          if(P32 == 0) temp = 9;
  23   1          if(P31 == 0) temp = 10;
  24   1          if(P30 == 0) temp = 11;
  25   1      
  26   1          P44 = 1;P42 = 1;P35 = 0;
  27   1          if(P33 == 0) temp = 12;
  28   1          if(P32 == 0) temp = 13;
  29   1          if(P31 == 0) temp = 14;
  30   1          if(P30 == 0) temp = 15;
  31   1      
  32   1          return temp;
  33   1      }
  34          


MODULE INFORMATION:   STATIC OVERLAYABLE
   CODE SIZE        =     81    ----
   CONSTANT SIZE    =   ----    ----
   XDATA SIZE       =   ----    ----
   PDATA SIZE       =   ----    ----
   DATA SIZE        =   ----    ----
   IDATA SIZE       =   ----    ----
   BIT SIZE         =   ----    ----
END OF MODULE INFORMATION.


C51 COMPILATION COMPLETE.  0 WARNING(S),  0 ERROR(S)
