C51 COMPILER V9.56.0.0   LED                                                               03/23/2026 17:39:38 PAGE 1   


C51 COMPILER V9.56.0.0, COMPILATION OF MODULE LED
OBJECT MODULE PLACED IN .\Objects\Led.obj
COMPILER INVOKED BY: D:\programme\keil_c51v956\C51\BIN\C51.EXE ..\Driver\Led.c OPTIMIZE(8,SPEED) BROWSE INCDIR(..\Driver
                    -) DEBUG OBJECTEXTEND PRINT(.\Listings\Led.lst) TABS(2) OBJECT(.\Objects\Led.obj)

line level    source

   1          #include <STC15F2K60S2.H>
   2          #include "Led.h"
   3          #include "HC138.h"
   4          
   5          
   6          void Led_Disp(unsigned char pos,unsigned char enable)
   7          {
   8   1          unsigned char led = 0x00;
   9   1          unsigned char led_oled = 0xff;
  10   1      
  11   1          if (enable)
  12   1              led |= 0x01 << pos;
  13   1          else
  14   1              led_oled &= ~(0x01 << pos);
  15   1      
  16   1          if(led != led_oled)
  17   1          {
  18   2              P0 = ~led;
  19   2              HC138_Select(4);
  20   2              led_oled = led;
  21   2          }
  22   1      }
  23          
  24          
  25          
  26          
  27          
  28          


MODULE INFORMATION:   STATIC OVERLAYABLE
   CODE SIZE        =     53    ----
   CONSTANT SIZE    =   ----    ----
   XDATA SIZE       =   ----    ----
   PDATA SIZE       =   ----    ----
   DATA SIZE        =   ----       1
   IDATA SIZE       =   ----    ----
   BIT SIZE         =   ----    ----
END OF MODULE INFORMATION.


C51 COMPILATION COMPLETE.  0 WARNING(S),  0 ERROR(S)
